INFO: main: created ego vehicle vehicle.tesla.model3 with id 26
INFO: main: waiting for 3 seconds (60 ticks)
INFO: main: created sensor.other.imu
INFO: main: waiting for 10 seconds (200 ticks)
INFO: on_measurement: ImuDataBuffer: received IMU measurement with data IMUMeasurement(frame=8480, timestamp=243.854549, accelerometer=Vector3D(x=-0.006328, y=-0.007059, z=9.809996), gyroscope=Vector3D(x=0.000917, y=-0.003544, z=-0.097308), compass=1.528787)
INFO: on_measurement: ImuDataBuffer: received IMU measurement with data IMUMeasurement(frame=8483, timestamp=244.004549, accelerometer=Vector3D(x=-22344.904297, y=-57764.984375, z=20.241632), gyroscope=Vector3D(x=0.002376, y=-0.004564, z=-0.028035), compass=1.516402)
INFO: on_measurement: ImuDataBuffer: received IMU measurement with data IMUMeasurement(frame=8485, timestamp=244.104549, accelerometer=Vector3D(x=-119.767715, y=1.012849, z=10.016156), gyroscope=Vector3D(x=-0.000630, y=-0.002502, z=-0.008259), compass=1.515453)
INFO: on_measurement: ImuDataBuffer: received IMU measurement with data IMUMeasurement(frame=8487, timestamp=244.204549, accelerometer=Vector3D(x=16.313639, y=-3.291023, z=9.857323), gyroscope=Vector3D(x=-0.003647, y=-0.002194, z=-0.112310), compass=1.508277)
INFO: on_measurement: ImuDataBuffer: received IMU measurement with data IMUMeasurement(frame=8489, timestamp=244.304549, accelerometer=Vector3D(x=19.462412, y=-4.510358, z=9.789698), gyroscope=Vector3D(x=-0.001441, y=-0.001658, z=-0.133785), compass=1.496319)
INFO: on_measurement: ImuDataBuffer: received IMU measurement with data IMUMeasurement(frame=8491, timestamp=244.404549, accelerometer=Vector3D(x=20.965250, y=-3.402977, z=9.783508), gyroscope=Vector3D(x=-0.000472, y=-0.001123, z=-0.121265), compass=1.484546)
INFO: on_measurement: ImuDataBuffer: received IMU measurement with data IMUMeasurement(frame=8493, timestamp=244.504549, accelerometer=Vector3D(x=21.568306, y=-3.531152, z=9.783627), gyroscope=Vector3D(x=-0.000823, y=-0.000695, z=-0.124976), compass=1.472911)
INFO: on_measurement: ImuDataBuffer: received IMU measurement with data IMUMeasurement(frame=8495, timestamp=244.604549, accelerometer=Vector3D(x=19.129232, y=-8.495561, z=9.795604), gyroscope=Vector3D(x=-0.005244, y=0.002671, z=-0.272162), compass=1.451388)
INFO: on_measurement: ImuDataBuffer: received IMU measurement with data IMUMeasurement(frame=8497, timestamp=244.704549, accelerometer=Vector3D(x=4.828442, y=-10.861591, z=9.833787), gyroscope=Vector3D(x=-0.002043, y=0.005224, z=-0.303704), compass=1.422343)
INFO: on_measurement: ImuDataBuffer: received IMU measurement with data IMUMeasurement(frame=8499, timestamp=244.804549, accelerometer=Vector3D(x=-7.949681, y=-13.993569, z=9.796160), gyroscope=Vector3D(x=-0.003729, y=0.006168, z=-0.403396), compass=1.385619)
INFO: on_measurement: ImuDataBuffer: received IMU measurement with data IMUMeasurement(frame=8501, timestamp=244.904549, accelerometer=Vector3D(x=-16.787285, y=-15.495151, z=9.763144), gyroscope=Vector3D(x=-0.000743, y=0.005206, z=-0.409456), compass=1.345140)
INFO: on_measurement: ImuDataBuffer: received IMU measurement with data IMUMeasurement(frame=8503, timestamp=245.004549, accelerometer=Vector3D(x=-19.654718, y=-7.642673, z=9.762522), gyroscope=Vector3D(x=0.006755, y=0.002815, z=-0.181414), compass=1.319579)
INFO: on_measurement: ImuDataBuffer: received IMU measurement with data IMUMeasurement(frame=8505, timestamp=245.104549, accelerometer=Vector3D(x=-20.418806, y=-3.779127, z=9.770658), gyroscope=Vector3D(x=0.002705, y=0.001596, z=-0.125672), compass=1.305958)
INFO: on_measurement: ImuDataBuffer: received IMU measurement with data IMUMeasurement(frame=8507, timestamp=245.204549, accelerometer=Vector3D(x=-19.254379, y=-2.658821, z=9.771121), gyroscope=Vector3D(x=0.002720, y=-0.000237, z=-0.072004), compass=1.297804)
INFO: on_measurement: ImuDataBuffer: received IMU measurement with data IMUMeasurement(frame=8509, timestamp=245.304549, accelerometer=Vector3D(x=-15.133466, y=-1.763565, z=9.781286), gyroscope=Vector3D(x=0.001513, y=-0.000588, z=-0.060312), compass=1.292113)
INFO: on_measurement: ImuDataBuffer: received IMU measurement with data IMUMeasurement(frame=8511, timestamp=245.404549, accelerometer=Vector3D(x=-13.088767, y=1.044278, z=9.794600), gyroscope=Vector3D(x=0.002797, y=-0.001355, z=0.021357), compass=1.292374)
INFO: on_measurement: ImuDataBuffer: received IMU measurement with data IMUMeasurement(frame=8513, timestamp=245.504549, accelerometer=Vector3D(x=-6.906925, y=1.650255, z=9.788080), gyroscope=Vector3D(x=0.000918, y=-0.003058, z=0.035491), compass=1.296058)
INFO: on_measurement: ImuDataBuffer: received IMU measurement with data IMUMeasurement(frame=8515, timestamp=245.604549, accelerometer=Vector3D(x=3.034812, y=-5.324269, z=9.788295), gyroscope=Vector3D(x=-0.005728, y=-0.003860, z=-0.172569), compass=1.286729)
INFO: on_measurement: ImuDataBuffer: received IMU measurement with data IMUMeasurement(frame=8517, timestamp=245.704549, accelerometer=Vector3D(x=11.805678, y=-7.792078, z=9.794278), gyroscope=Vector3D(x=-0.001335, y=-0.003665, z=-0.215090), compass=1.267205)
INFO: on_measurement: ImuDataBuffer: received IMU measurement with data IMUMeasurement(frame=8519, timestamp=245.804549, accelerometer=Vector3D(x=17.317051, y=-6.266766, z=9.801673), gyroscope=Vector3D(x=-0.000849, y=-0.002786, z=-0.228279), compass=1.245545)
INFO: on_measurement: ImuDataBuffer: received IMU measurement with data IMUMeasurement(frame=8521, timestamp=245.904549, accelerometer=Vector3D(x=19.959726, y=-6.545800, z=9.799049), gyroscope=Vector3D(x=-0.001145, y=-0.001812, z=-0.241733), compass=1.222590)
INFO: on_measurement: ImuDataBuffer: received IMU measurement with data IMUMeasurement(frame=8523, timestamp=246.004549, accelerometer=Vector3D(x=20.799536, y=-10.347523, z=9.785666), gyroscope=Vector3D(x=-0.004494, y=-0.000657, z=-0.352760), compass=1.191794)
INFO: on_measurement: ImuDataBuffer: received IMU measurement with data IMUMeasurement(frame=8525, timestamp=246.104549, accelerometer=Vector3D(x=21.314398, y=-12.475583, z=9.770471), gyroscope=Vector3D(x=-0.002956, y=-0.000022, z=-0.387967), compass=1.154989)
INFO: on_measurement: ImuDataBuffer: received IMU measurement with data IMUMeasurement(frame=8527, timestamp=246.204549, accelerometer=Vector3D(x=19.926947, y=-6.321593, z=9.797491), gyroscope=Vector3D(x=0.004633, y=0.002279, z=-0.191757), compass=1.129902)
INFO: on_measurement: ImuDataBuffer: received IMU measurement with data IMUMeasurement(frame=8529, timestamp=246.304549, accelerometer=Vector3D(x=5.678483, y=-4.067840, z=9.850249), gyroscope=Vector3D(x=0.000979, y=0.004765, z=-0.157559), compass=1.113425)
INFO: on_measurement: ImuDataBuffer: received IMU measurement with data IMUMeasurement(frame=8531, timestamp=246.404549, accelerometer=Vector3D(x=-6.995837, y=-5.638379, z=9.820333), gyroscope=Vector3D(x=0.000322, y=0.005279, z=-0.157399), compass=1.098077)
INFO: on_measurement: ImuDataBuffer: received IMU measurement with data IMUMeasurement(frame=8533, timestamp=246.504549, accelerometer=Vector3D(x=-16.103210, y=-5.711203, z=9.797274), gyroscope=Vector3D(x=0.000559, y=0.004396, z=-0.152083), compass=1.083253)
INFO: on_measurement: ImuDataBuffer: received IMU measurement with data IMUMeasurement(frame=8535, timestamp=246.604549, accelerometer=Vector3D(x=-20.246962, y=-9.132220, z=9.766335), gyroscope=Vector3D(x=-0.002555, y=0.003222, z=-0.261029), compass=1.061604)
INFO: on_measurement: ImuDataBuffer: received IMU measurement with data IMUMeasurement(frame=8537, timestamp=246.704549, accelerometer=Vector3D(x=-21.014860, y=-10.160523, z=9.756680), gyroscope=Vector3D(x=0.000402, y=0.002010, z=-0.273123), compass=1.035223)
INFO: on_measurement: ImuDataBuffer: received IMU measurement with data IMUMeasurement(frame=8539, timestamp=246.804549, accelerometer=Vector3D(x=-19.303452, y=-5.272843, z=9.765209), gyroscope=Vector3D(x=0.003445, y=-0.000035, z=-0.164547), compass=1.016014)
INFO: on_measurement: ImuDataBuffer: received IMU measurement with data IMUMeasurement(frame=8541, timestamp=246.904549, accelerometer=Vector3D(x=-15.511420, y=-3.742227, z=9.779418), gyroscope=Vector3D(x=0.001517, y=-0.000401, z=-0.139525), compass=1.001928)
INFO: on_measurement: ImuDataBuffer: received IMU measurement with data IMUMeasurement(frame=8543, timestamp=247.004549, accelerometer=Vector3D(x=-13.623966, y=-5.882658, z=9.787591), gyroscope=Vector3D(x=-0.000514, y=-0.001149, z=-0.192727), compass=0.984936)
INFO: on_measurement: ImuDataBuffer: received IMU measurement with data IMUMeasurement(frame=8545, timestamp=247.104549, accelerometer=Vector3D(x=-7.151192, y=-6.027868, z=9.780569), gyroscope=Vector3D(x=0.000258, y=-0.002877, z=-0.199713), compass=0.965710)
INFO: on_measurement: ImuDataBuffer: received IMU measurement with data IMUMeasurement(frame=8547, timestamp=247.204549, accelerometer=Vector3D(x=3.428888, y=-2.235450, z=9.788465), gyroscope=Vector3D(x=0.002496, y=-0.004106, z=-0.105530), compass=0.952945)
INFO: on_measurement: ImuDataBuffer: received IMU measurement with data IMUMeasurement(frame=8549, timestamp=247.304549, accelerometer=Vector3D(x=12.242530, y=-1.656310, z=9.802790), gyroscope=Vector3D(x=0.000316, y=-0.003883, z=-0.096379), compass=0.943705)
INFO: on_measurement: ImuDataBuffer: received IMU measurement with data IMUMeasurement(frame=8551, timestamp=247.404549, accelerometer=Vector3D(x=17.157486, y=-6.266628, z=9.804470), gyroscope=Vector3D(x=-0.003897, y=-0.002754, z=-0.222243), compass=0.926468)
INFO: on_measurement: ImuDataBuffer: received IMU measurement with data IMUMeasurement(frame=8553, timestamp=247.504549, accelerometer=Vector3D(x=19.775890, y=-8.044370, z=9.796601), gyroscope=Vector3D(x=-0.001715, y=-0.001776, z=-0.253484), compass=0.902861)
INFO: on_measurement: ImuDataBuffer: received IMU measurement with data IMUMeasurement(frame=8555, timestamp=247.604549, accelerometer=Vector3D(x=21.236290, y=-4.830603, z=9.795161), gyroscope=Vector3D(x=0.001077, y=-0.001210, z=-0.179485), compass=0.883423)
INFO: on_measurement: ImuDataBuffer: received IMU measurement with data IMUMeasurement(frame=8557, timestamp=247.704549, accelerometer=Vector3D(x=21.694532, y=-4.634421, z=9.791278), gyroscope=Vector3D(x=-0.000658, y=-0.000693, z=-0.175982), compass=0.866501)
INFO: on_measurement: ImuDataBuffer: received IMU measurement with data IMUMeasurement(frame=8559, timestamp=247.804549, accelerometer=Vector3D(x=19.330568, y=-8.839285, z=9.798027), gyroscope=Vector3D(x=-0.003667, y=0.002607, z=-0.278375), compass=0.842628)
INFO: on_measurement: ImuDataBuffer: received IMU measurement with data IMUMeasurement(frame=8561, timestamp=247.904549, accelerometer=Vector3D(x=5.117436, y=-10.458232, z=9.836427), gyroscope=Vector3D(x=-0.001540, y=0.005183, z=-0.299997), compass=0.813640)
INFO: on_measurement: ImuDataBuffer: received IMU measurement with data IMUMeasurement(frame=8563, timestamp=248.004549, accelerometer=Vector3D(x=-7.077749, y=-5.787175, z=9.817700), gyroscope=Vector3D(x=0.003395, y=0.005269, z=-0.156380), compass=0.793788)
INFO: on_measurement: ImuDataBuffer: received IMU measurement with data IMUMeasurement(frame=8565, timestamp=248.104549, accelerometer=Vector3D(x=-16.110281, y=-4.269563, z=9.798720), gyroscope=Vector3D(x=0.001290, y=0.004310, z=-0.122823), compass=0.781001)
INFO: on_measurement: ImuDataBuffer: received IMU measurement with data IMUMeasurement(frame=8567, timestamp=248.204549, accelerometer=Vector3D(x=-19.984123, y=-6.538274, z=9.771345), gyroscope=Vector3D(x=-0.000540, y=0.002939, z=-0.174351), compass=0.765850)
INFO: on_measurement: ImuDataBuffer: received IMU measurement with data IMUMeasurement(frame=8569, timestamp=248.304549, accelerometer=Vector3D(x=-20.774075, y=-6.559721, z=9.766434), gyroscope=Vector3D(x=0.000827, y=0.001756, z=-0.176769), compass=0.748922)
INFO: on_measurement: ImuDataBuffer: received IMU measurement with data IMUMeasurement(frame=8571, timestamp=248.404549, accelerometer=Vector3D(x=-19.818871, y=-8.793964, z=9.761182), gyroscope=Vector3D(x=-0.001680, y=0.000326, z=-0.267413), compass=0.726008)
INFO: on_measurement: ImuDataBuffer: received IMU measurement with data IMUMeasurement(frame=8573, timestamp=248.504549, accelerometer=Vector3D(x=-15.942677, y=-9.229103, z=9.766899), gyroscope=Vector3D(x=0.000773, y=-0.000085, z=-0.276351), compass=0.699145)
INFO: on_measurement: ImuDataBuffer: received IMU measurement with data IMUMeasurement(frame=8575, timestamp=248.604549, accelerometer=Vector3D(x=-13.304472, y=-4.082714, z=9.787051), gyroscope=Vector3D(x=0.003617, y=-0.001311, z=-0.158286), compass=0.680200)
INFO: on_measurement: ImuDataBuffer: received IMU measurement with data IMUMeasurement(frame=8577, timestamp=248.704549, accelerometer=Vector3D(x=-6.899868, y=-2.892516, z=9.785982), gyroscope=Vector3D(x=0.000943, y=-0.003015, z=-0.135781), compass=0.666476)
INFO: on_measurement: ImuDataBuffer: received IMU measurement with data IMUMeasurement(frame=8579, timestamp=248.804549, accelerometer=Vector3D(x=3.317092, y=-3.964037, z=9.788292), gyroscope=Vector3D(x=-0.000105, y=-0.004020, z=-0.147338), compass=0.652723)
INFO: on_measurement: ImuDataBuffer: received IMU measurement with data IMUMeasurement(frame=8581, timestamp=248.904549, accelerometer=Vector3D(x=12.127314, y=-4.163755, z=9.800026), gyroscope=Vector3D(x=-0.000227, y=-0.003797, z=-0.155025), compass=0.638163)
INFO: on_measurement: ImuDataBuffer: received IMU measurement with data IMUMeasurement(frame=8583, timestamp=249.004549, accelerometer=Vector3D(x=17.512547, y=-0.947556, z=9.808149), gyroscope=Vector3D(x=0.002235, y=-0.003051, z=-0.063990), compass=0.629732)
INFO: on_measurement: ImuDataBuffer: received IMU measurement with data IMUMeasurement(frame=8585, timestamp=249.104549, accelerometer=Vector3D(x=20.080044, y=-0.512902, z=9.806682), gyroscope=Vector3D(x=0.000213, y=-0.002109, z=-0.054025), compass=0.624677)
INFO: on_measurement: ImuDataBuffer: received IMU measurement with data IMUMeasurement(frame=8587, timestamp=249.204549, accelerometer=Vector3D(x=21.060863, y=-4.927558, z=9.797988), gyroscope=Vector3D(x=-0.003836, y=-0.001186, z=-0.169927), compass=0.612274)
INFO: on_measurement: ImuDataBuffer: received IMU measurement with data IMUMeasurement(frame=8589, timestamp=249.304549, accelerometer=Vector3D(x=21.530792, y=-6.748764, z=9.788548), gyroscope=Vector3D(x=-0.001840, y=-0.000635, z=-0.198022), compass=0.594130)
INFO: on_measurement: ImuDataBuffer: received IMU measurement with data IMUMeasurement(frame=8591, timestamp=249.404549, accelerometer=Vector3D(x=19.542614, y=-4.905315, z=9.804591), gyroscope=Vector3D(x=0.000467, y=0.002286, z=-0.153547), compass=0.577985)
INFO: on_measurement: ImuDataBuffer: received IMU measurement with data IMUMeasurement(frame=8593, timestamp=249.504549, accelerometer=Vector3D(x=5.313578, y=-4.573497, z=9.849484), gyroscope=Vector3D(x=-0.000185, y=0.004787, z=-0.147540), compass=0.563410)
INFO: on_measurement: ImuDataBuffer: received IMU measurement with data IMUMeasurement(frame=8595, timestamp=249.604549, accelerometer=Vector3D(x=-7.402701, y=-7.834944, z=9.817372), gyroscope=Vector3D(x=-0.002387, y=0.005482, z=-0.227572), compass=0.543655)
INFO: on_measurement: ImuDataBuffer: received IMU measurement with data IMUMeasurement(frame=8597, timestamp=249.704549, accelerometer=Vector3D(x=-16.416849, y=-8.910584, z=9.789457), gyroscope=Vector3D(x=-0.000409, y=0.004556, z=-0.235870), compass=0.520814)
INFO: on_measurement: ImuDataBuffer: received IMU measurement with data IMUMeasurement(frame=8599, timestamp=249.804549, accelerometer=Vector3D(x=-20.155933, y=-10.407041, z=9.761558), gyroscope=Vector3D(x=-0.001134, y=0.003250, z=-0.288330), compass=0.494164)
INFO: on_measurement: ImuDataBuffer: received IMU measurement with data IMUMeasurement(frame=8601, timestamp=249.904549, accelerometer=Vector3D(x=-20.918493, y=-10.329719, z=9.755766), gyroscope=Vector3D(x=0.000743, y=0.002042, z=-0.285550), compass=0.466050)
INFO: on_measurement: ImuDataBuffer: received IMU measurement with data IMUMeasurement(frame=8603, timestamp=250.004549, accelerometer=Vector3D(x=-19.255856, y=-4.131648, z=9.766954), gyroscope=Vector3D(x=0.005051, y=-0.000139, z=-0.124110), compass=0.448947)
INFO: on_measurement: ImuDataBuffer: received IMU measurement with data IMUMeasurement(frame=8605, timestamp=250.104549, accelerometer=Vector3D(x=-15.386547, y=-1.852462, z=9.781384), gyroscope=Vector3D(x=0.001813, y=-0.000503, z=-0.089617), compass=0.439595)
INFO: on_measurement: ImuDataBuffer: received IMU measurement with data IMUMeasurement(frame=8607, timestamp=250.204549, accelerometer=Vector3D(x=-13.331909, y=-2.286441, z=9.792163), gyroscope=Vector3D(x=0.001057, y=-0.001347, z=-0.079428), compass=0.431967)
INFO: on_measurement: ImuDataBuffer: received IMU measurement with data IMUMeasurement(frame=8609, timestamp=250.304549, accelerometer=Vector3D(x=-6.951287, y=-2.086886, z=9.786766), gyroscope=Vector3D(x=0.000591, y=-0.003053, z=-0.076323), compass=0.424803)
INFO: on_measurement: ImuDataBuffer: received IMU measurement with data IMUMeasurement(frame=8611, timestamp=250.404549, accelerometer=Vector3D(x=3.400089, y=-0.113841, z=9.790723), gyroscope=Vector3D(x=0.001717, y=-0.004127, z=-0.020577), compass=0.421653)
INFO: on_measurement: ImuDataBuffer: received IMU measurement with data IMUMeasurement(frame=8613, timestamp=250.504549, accelerometer=Vector3D(x=12.201632, y=0.270393, z=9.803164), gyroscope=Vector3D(x=0.000426, y=-0.003913, z=-0.013355), compass=0.420711)
INFO: on_measurement: ImuDataBuffer: received IMU measurement with data IMUMeasurement(frame=8615, timestamp=250.604549, accelerometer=Vector3D(x=17.247408, y=-4.742743, z=9.806662), gyroscope=Vector3D(x=-0.004718, y=-0.002858, z=-0.165263), compass=0.410311)
INFO: on_measurement: ImuDataBuffer: received IMU measurement with data IMUMeasurement(frame=8617, timestamp=250.704549, accelerometer=Vector3D(x=19.817530, y=-6.914620, z=9.799978), gyroscope=Vector3D(x=-0.001627, y=-0.001897, z=-0.199456), compass=0.392167)
INFO: on_measurement: ImuDataBuffer: received IMU measurement with data IMUMeasurement(frame=8619, timestamp=250.804549, accelerometer=Vector3D(x=21.144438, y=-5.429679, z=9.795208), gyroscope=Vector3D(x=-0.000576, y=-0.001175, z=-0.188705), compass=0.373730)
INFO: on_measurement: ImuDataBuffer: received IMU measurement with data IMUMeasurement(frame=8621, timestamp=250.904549, accelerometer=Vector3D(x=21.654362, y=-5.680716, z=9.789492), gyroscope=Vector3D(x=-0.001130, y=-0.000646, z=-0.195647), compass=0.355174)
INFO: on_measurement: ImuDataBuffer: received IMU measurement with data IMUMeasurement(frame=8623, timestamp=251.004549, accelerometer=Vector3D(x=19.346188, y=-8.514206, z=9.798658), gyroscope=Vector3D(x=-0.002677, y=0.002583, z=-0.264143), compass=0.331484)
INFO: on_measurement: ImuDataBuffer: received IMU measurement with data IMUMeasurement(frame=8625, timestamp=251.104549, accelerometer=Vector3D(x=5.088840, y=-9.510114, z=9.839017), gyroscope=Vector3D(x=-0.001256, y=0.005127, z=-0.278535), compass=0.304422)
INFO: on_measurement: ImuDataBuffer: received IMU measurement with data IMUMeasurement(frame=8627, timestamp=251.204549, accelerometer=Vector3D(x=-7.422256, y=-10.481081, z=9.808058), gyroscope=Vector3D(x=-0.000983, y=0.005692, z=-0.295957), compass=0.275658)
INFO: on_measurement: ImuDataBuffer: received IMU measurement with data IMUMeasurement(frame=8629, timestamp=251.304549, accelerometer=Vector3D(x=-16.342690, y=-10.607388, z=9.927623), gyroscope=Vector3D(x=0.109032, y=-0.032057, z=-0.289372), compass=0.246993)
INFO: on_measurement: ImuDataBuffer: received IMU measurement with data IMUMeasurement(frame=8631, timestamp=251.404549, accelerometer=Vector3D(x=-19.563684, y=-4.668432, z=9.641942), gyroscope=Vector3D(x=0.004164, y=0.004423, z=-0.084108), compass=0.231742)
INFO: on_measurement: ImuDataBuffer: received IMU measurement with data IMUMeasurement(frame=8633, timestamp=251.504549, accelerometer=Vector3D(x=-20.823637, y=-0.313994, z=9.722374), gyroscope=Vector3D(x=0.001510, y=0.002059, z=-0.036502), compass=0.227389)
INFO: on_measurement: ImuDataBuffer: received IMU measurement with data IMUMeasurement(frame=8635, timestamp=251.604549, accelerometer=Vector3D(x=-19.434639, y=-1.056745, z=9.803783), gyroscope=Vector3D(x=0.000854, y=0.000088, z=-0.026821), compass=0.225186)
INFO: on_measurement: ImuDataBuffer: received IMU measurement with data IMUMeasurement(frame=8637, timestamp=251.704549, accelerometer=Vector3D(x=-15.627210, y=-0.784494, z=9.893130), gyroscope=Vector3D(x=-0.044782, y=-0.018122, z=-0.042658), compass=0.223383)
INFO: on_measurement: ImuDataBuffer: received IMU measurement with data IMUMeasurement(frame=8639, timestamp=251.804549, accelerometer=Vector3D(x=-14.071243, y=-4.751768, z=9.470543), gyroscope=Vector3D(x=-0.001667, y=-0.002208, z=-0.159079), compass=0.214694)
INFO: on_measurement: ImuDataBuffer: received IMU measurement with data IMUMeasurement(frame=8641, timestamp=251.904549, accelerometer=Vector3D(x=-6.169488, y=-5.719790, z=10.040878), gyroscope=Vector3D(x=0.000933, y=-0.003874, z=-0.173014), compass=0.200848)
INFO: on_measurement: ImuDataBuffer: received IMU measurement with data IMUMeasurement(frame=8643, timestamp=252.004549, accelerometer=Vector3D(x=6.399615, y=-3.636992, z=9.801964), gyroscope=Vector3D(x=0.001371, y=-0.004826, z=-0.154259), compass=0.187857)
INFO: on_measurement: ImuDataBuffer: received IMU measurement with data IMUMeasurement(frame=8645, timestamp=252.104549, accelerometer=Vector3D(x=14.827940, y=-3.279426, z=9.788908), gyroscope=Vector3D(x=0.000221, y=-0.004137, z=-0.161733), compass=0.174743)
INFO: on_measurement: ImuDataBuffer: received IMU measurement with data IMUMeasurement(frame=8647, timestamp=252.204549, accelerometer=Vector3D(x=18.716619, y=-6.179180, z=9.792539), gyroscope=Vector3D(x=-0.002487, y=-0.002677, z=-0.246519), compass=0.155583)
INFO: on_measurement: ImuDataBuffer: received IMU measurement with data IMUMeasurement(frame=8649, timestamp=252.304549, accelerometer=Vector3D(x=18.905951, y=-7.214794, z=9.800871), gyroscope=Vector3D(x=-0.001373, y=-0.000383, z=-0.291529), compass=0.131646)
INFO: on_measurement: ImuDataBuffer: received IMU measurement with data IMUMeasurement(frame=8651, timestamp=252.404549, accelerometer=Vector3D(x=17.607044, y=-3.467003, z=9.795951), gyroscope=Vector3D(x=0.001799, y=-0.000827, z=-0.181054), compass=0.113990)
INFO: on_measurement: ImuDataBuffer: received IMU measurement with data IMUMeasurement(frame=8653, timestamp=252.504549, accelerometer=Vector3D(x=20.263271, y=-3.317616, z=9.957730), gyroscope=Vector3D(x=0.019267, y=0.007440, z=-0.145912), compass=0.100428)
INFO: on_measurement: ImuDataBuffer: received IMU measurement with data IMUMeasurement(frame=8655, timestamp=252.604549, accelerometer=Vector3D(x=21.051352, y=-7.719688, z=9.445711), gyroscope=Vector3D(x=-0.003238, y=0.003117, z=-0.231957), compass=0.080339)
INFO: on_measurement: ImuDataBuffer: received IMU measurement with data IMUMeasurement(frame=8657, timestamp=252.704549, accelerometer=Vector3D(x=3.321371, y=-8.589286, z=9.990838), gyroscope=Vector3D(x=-0.001729, y=0.005138, z=-0.244387), compass=0.056538)
INFO: on_measurement: ImuDataBuffer: received IMU measurement with data IMUMeasurement(frame=8659, timestamp=252.804549, accelerometer=Vector3D(x=-8.980828, y=-4.509846, z=10.152503), gyroscope=Vector3D(x=0.051587, y=-0.012577, z=-0.100143), compass=0.041382)
INFO: on_measurement: ImuDataBuffer: received IMU measurement with data IMUMeasurement(frame=8661, timestamp=252.904549, accelerometer=Vector3D(x=-16.963694, y=-2.608451, z=9.217022), gyroscope=Vector3D(x=0.001478, y=0.001906, z=-0.065521), compass=0.032106)
INFO: on_measurement: ImuDataBuffer: received IMU measurement with data IMUMeasurement(frame=8663, timestamp=253.004549, accelerometer=Vector3D(x=-20.743732, y=2.378765, z=9.997190), gyroscope=Vector3D(x=0.005803, y=0.001305, z=0.110178), compass=0.035273)
INFO: on_measurement: ImuDataBuffer: received IMU measurement with data IMUMeasurement(frame=8665, timestamp=253.104549, accelerometer=Vector3D(x=-21.138832, y=4.648605, z=9.808845), gyroscope=Vector3D(x=0.001771, y=0.000124, z=0.133864), compass=0.045688)
INFO: on_measurement: ImuDataBuffer: received IMU measurement with data IMUMeasurement(frame=8667, timestamp=253.204549, accelerometer=Vector3D(x=-19.547096, y=0.690025, z=9.777545), gyroscope=Vector3D(x=-0.001672, y=-0.001885, z=0.048262), compass=0.050851)
INFO: on_measurement: ImuDataBuffer: received IMU measurement with data IMUMeasurement(frame=8669, timestamp=253.304549, accelerometer=Vector3D(x=-15.005525, y=-0.217297, z=9.781583), gyroscope=Vector3D(x=-0.000198, y=-0.002326, z=0.033461), compass=0.052202)
INFO: on_measurement: ImuDataBuffer: received IMU measurement with data IMUMeasurement(frame=8671, timestamp=253.404549, accelerometer=Vector3D(x=-12.960897, y=-1.922707, z=9.794323), gyroscope=Vector3D(x=-0.001894, y=-0.003180, z=-0.034874), compass=0.048405)
INFO: on_measurement: ImuDataBuffer: received IMU measurement with data IMUMeasurement(frame=8673, timestamp=253.504549, accelerometer=Vector3D(x=-5.978775, y=-2.366451, z=9.783888), gyroscope=Vector3D(x=-0.000694, y=-0.005241, z=-0.049613), compass=0.041616)
INFO: on_measurement: ImuDataBuffer: received IMU measurement with data IMUMeasurement(frame=8675, timestamp=253.604549, accelerometer=Vector3D(x=5.929498, y=-2.043986, z=9.787499), gyroscope=Vector3D(x=-0.000426, y=-0.005860, z=-0.050361), compass=0.034504)
INFO: on_measurement: ImuDataBuffer: received IMU measurement with data IMUMeasurement(frame=8677, timestamp=253.704549, accelerometer=Vector3D(x=14.469033, y=-2.064487, z=9.804483), gyroscope=Vector3D(x=-0.000327, y=-0.005033, z=-0.050370), compass=0.027674)
INFO: on_measurement: ImuDataBuffer: received IMU measurement with data IMUMeasurement(frame=8679, timestamp=253.804549, accelerometer=Vector3D(x=18.881628, y=-0.128149, z=9.809874), gyroscope=Vector3D(x=0.001430, y=-0.003397, z=0.002103), compass=0.025276)
INFO: main: destroying actors
INFO: main: done
